<?xml version="1.0" encoding="UTF-8"?>
<!-- Generated by org.testng.reporters.JUnitXMLReporter -->
<testsuite ignored="0" hostname="Brijesh" failures="1" tests="10" name="Surefire test" time="0.036" errors="0" timestamp="2022-04-20T22:58:36 EDT">
  <testcase classname="tests.Testing1" name="Test1" time="0.0"/>
  <testcase classname="tests.Testing1" name="Test2" time="0.0"/>
  <testcase classname="tests.Testing1" name="Test3" time="0.0"/>
  <testcase classname="tests.Testing1" name="abc" time="0.0"/>
  <testcase classname="tests.Testing1" name="abc" time="0.0"/>
  <testcase classname="tests.Testing2" name="test4" time="0.0"/>
  <testcase classname="tests.Testing2" name="test5" time="0.0"/>
  <testcase classname="tests.Testing3" name="createuser" time="0.002">
    <failure type="java.lang.AssertionError" message="Verifying element expected [true] but found [false]">
      <![CDATA[java.lang.AssertionError: Verifying element expected [true] but found [false]
at tests.Testing3.createuser(Testing3.java:16)
at java.base/java.util.ArrayList.forEach(ArrayList.java:1541)
... Removed 35 stack frames]]>
    </failure>
  </testcase> <!-- createuser -->
  <testcase classname="tests.Testing3" name="Edituser" time="0.0">
    <skipped/>
  </testcase> <!-- Edituser -->
  <testcase classname="tests.Testing3" name="Deleteuser" time="0.0">
    <skipped/>
  </testcase> <!-- Deleteuser -->
</testsuite> <!-- Surefire test -->
